{"level":"info","message":"userID: 581b7e518e03972d10eb506b logged in","timestamp":"11/4/2016, 11:57:41 PM"}
{"level":"info","message":"userID: 581b7e518e03972d10eb506b opened home page","timestamp":"11/4/2016, 11:57:41 PM"}
{"level":"info","message":"userID: undefined bought items","timestamp":"11/4/2016, 11:57:49 PM"}
{"level":"info","message":"userID: undefined searched query: undefined","timestamp":"11/4/2016, 11:57:49 PM"}
{"level":"info","message":"userID: 581b7e518e03972d10eb506b logged in","timestamp":"11/4/2016, 11:57:49 PM"}
{"level":"info","message":"userID: 581b7e518e03972d10eb506b opened home page","timestamp":"11/5/2016, 12:28:13 AM"}
{"level":"info","message":"userID: 581b7e518e03972d10eb506b opened home page","timestamp":"11/5/2016, 12:29:53 AM"}
{"level":"info","message":"userID: 581b7e518e03972d10eb506b opened home page","timestamp":"11/5/2016, 12:30:00 AM"}
{"level":"info","message":"userID: 581b7e518e03972d10eb506b logged in","timestamp":"11/5/2016, 12:31:33 AM"}
{"level":"info","message":"userID: 581b7e518e03972d10eb506b logged in","timestamp":"11/5/2016, 12:31:33 AM"}
{"level":"info","message":"userID: 581b7e518e03972d10eb506b logged in","timestamp":"11/5/2016, 12:31:33 AM"}
{"level":"info","message":"userID: 581b7e518e03972d10eb506b logged in","timestamp":"11/5/2016, 12:31:33 AM"}
{"level":"info","message":"userID: 581b7e518e03972d10eb506b logged in","timestamp":"11/5/2016, 12:31:34 AM"}
{"level":"info","message":"userID: 581b7e518e03972d10eb506b logged in","timestamp":"11/5/2016, 12:31:34 AM"}
{"level":"info","message":"userID: 581b7e518e03972d10eb506b logged in","timestamp":"11/5/2016, 12:31:34 AM"}
{"level":"info","message":"userID: 581b7e518e03972d10eb506b logged in","timestamp":"11/5/2016, 12:31:34 AM"}
{"level":"info","message":"userID: 581b7e518e03972d10eb506b logged in","timestamp":"11/5/2016, 12:31:35 AM"}
{"level":"info","message":"userID: 581b7e518e03972d10eb506b logged in","timestamp":"11/5/2016, 12:31:35 AM"}
{"level":"info","message":"userID: 581b7e518e03972d10eb506b logged in","timestamp":"11/5/2016, 12:31:35 AM"}
{"level":"info","message":"userID: 581b7e518e03972d10eb506b logged in","timestamp":"11/5/2016, 12:31:35 AM"}
{"level":"info","message":"userID: 581b7e518e03972d10eb506b logged in","timestamp":"11/5/2016, 12:31:36 AM"}
{"level":"info","message":"userID: 581b7e518e03972d10eb506b logged in","timestamp":"11/5/2016, 12:31:36 AM"}
{"level":"info","message":"userID: 581b7e518e03972d10eb506b logged in","timestamp":"11/5/2016, 12:31:36 AM"}
{"level":"info","message":"userID: 581b7e518e03972d10eb506b logged in","timestamp":"11/5/2016, 12:31:36 AM"}
{"level":"info","message":"userID: 581b7e518e03972d10eb506b logged in","timestamp":"11/5/2016, 12:31:37 AM"}
{"level":"info","message":"userID: 581b7e518e03972d10eb506b logged in","timestamp":"11/5/2016, 12:31:37 AM"}
{"level":"info","message":"userID: 581b7e518e03972d10eb506b logged in","timestamp":"11/5/2016, 12:31:37 AM"}
{"level":"info","message":"userID: 581b7e518e03972d10eb506b logged in","timestamp":"11/5/2016, 12:31:38 AM"}
{"level":"info","message":"userID: 581b7e518e03972d10eb506b logged in","timestamp":"11/5/2016, 12:31:38 AM"}
{"level":"info","message":"userID: 581b7e518e03972d10eb506b logged in","timestamp":"11/5/2016, 12:31:38 AM"}
{"level":"info","message":"userID: 581b7e518e03972d10eb506b logged in","timestamp":"11/5/2016, 12:31:38 AM"}
{"level":"info","message":"userID: 581b7e518e03972d10eb506b logged in","timestamp":"11/5/2016, 3:01:46 PM"}
{"level":"info","message":"userID: 581b7e518e03972d10eb506b opened home page","timestamp":"11/5/2016, 3:01:46 PM"}
{"level":"info","message":"userID: 581b7e518e03972d10eb506b logged in","timestamp":"11/6/2016, 1:21:50 AM"}
{"level":"info","message":"userID: 581b7e518e03972d10eb506b opened home page","timestamp":"11/6/2016, 1:21:50 AM"}
{"level":"info","message":"userID: 581b7e518e03972d10eb506b opened home page","timestamp":"11/6/2016, 1:23:30 AM"}
{"level":"info","message":"userID: 581b7e518e03972d10eb506b opened selling page","timestamp":"11/6/2016, 1:23:33 AM"}
{"level":"info","message":"userID: 581b7e518e03972d10eb506b posted item: shaalinn for sell","timestamp":"11/6/2016, 1:23:48 AM"}
{"level":"info","message":"userID: 581b7e518e03972d10eb506b opened home page","timestamp":"11/6/2016, 1:23:48 AM"}
{"level":"info","message":"userID: 581b7e518e03972d10eb506b Signed out","timestamp":"11/6/2016, 1:23:50 AM"}
{"level":"info","message":"userID: 581d64cde48345324c3fbccf logged in","timestamp":"11/6/2016, 1:23:53 AM"}
{"level":"info","message":"userID: 581d64cde48345324c3fbccf opened home page","timestamp":"11/6/2016, 1:23:53 AM"}
{"level":"info","message":"userID: 581d64cde48345324c3fbccf opened home page","timestamp":"11/6/2016, 1:23:57 AM"}
{"level":"info","message":"userID: 581d64cde48345324c3fbccf Signed out","timestamp":"11/6/2016, 1:23:59 AM"}
{"level":"info","message":"userID: 581b8084ac37a10e805c75a8 logged in","timestamp":"11/6/2016, 1:24:04 AM"}
{"level":"info","message":"userID: 581b8084ac37a10e805c75a8 opened home page","timestamp":"11/6/2016, 1:24:04 AM"}
{"level":"info","message":"userID: 581b8084ac37a10e805c75a8 opened home page","timestamp":"11/6/2016, 1:25:50 AM"}
{"level":"info","message":"userID: 581b8084ac37a10e805c75a8 opened selling page","timestamp":"11/6/2016, 1:25:54 AM"}
{"level":"info","message":"userID: 581b8084ac37a10e805c75a8 posted item: kaaraan for auction","timestamp":"11/6/2016, 1:26:06 AM"}
{"level":"info","message":"userID: 581b8084ac37a10e805c75a8 opened home page","timestamp":"11/6/2016, 1:26:06 AM"}
{"level":"info","message":"userID: 581b8084ac37a10e805c75a8 Signed out","timestamp":"11/6/2016, 1:26:09 AM"}
{"level":"info","message":"userID: 581b7e518e03972d10eb506b logged in","timestamp":"11/6/2016, 1:26:16 AM"}
{"level":"info","message":"userID: 581b7e518e03972d10eb506b opened home page","timestamp":"11/6/2016, 1:26:16 AM"}
{"level":"info","message":"userID: 581b7e518e03972d10eb506b open ProductID: 581ee91e0037a31f6cb72567","timestamp":"11/6/2016, 1:26:18 AM"}
{"level":"info","message":"userID: 581b7e518e03972d10eb506b Signed out","timestamp":"11/6/2016, 1:31:09 AM"}
{"level":"info","message":"userID: 581b7e518e03972d10eb506b logged in","timestamp":"11/6/2016, 1:31:17 AM"}
{"level":"info","message":"userID: 581b7e518e03972d10eb506b opened home page","timestamp":"11/6/2016, 1:31:17 AM"}
{"level":"info","message":"userID: 581b7e518e03972d10eb506b Signed out","timestamp":"11/6/2016, 1:31:21 AM"}
{"level":"info","message":"userID: 581b8084ac37a10e805c75a8 logged in","timestamp":"11/6/2016, 5:52:48 PM"}
{"level":"info","message":"userID: 581b8084ac37a10e805c75a8 opened home page","timestamp":"11/6/2016, 5:52:48 PM"}
{"level":"info","message":"userID: 581b8084ac37a10e805c75a8 opened Profile page","timestamp":"11/6/2016, 7:30:18 PM"}
{"level":"info","message":"userID: 581b8084ac37a10e805c75a8 opened home page","timestamp":"11/6/2016, 7:31:39 PM"}
{"level":"info","message":"userID: 581b8084ac37a10e805c75a8 open ProductID: 581ee8940037a31f6cb72566","timestamp":"11/6/2016, 7:31:41 PM"}
{"level":"info","message":"userID: 581b8084ac37a10e805c75a8 added item: 581ee8940037a31f6cb72566 in shopping cart","timestamp":"11/6/2016, 7:31:45 PM"}
{"level":"info","message":"userID: 581b8084ac37a10e805c75a8 opened home page","timestamp":"11/6/2016, 7:31:45 PM"}
{"level":"info","message":"userID: 581b8084ac37a10e805c75a8 opened cart","timestamp":"11/6/2016, 7:31:47 PM"}
{"level":"info","message":"userID: 581b8084ac37a10e805c75a8 opened shopping cart","timestamp":"11/6/2016, 7:31:47 PM"}
{"level":"info","message":"userID: 581b8084ac37a10e805c75a8 opened checkout page","timestamp":"11/6/2016, 7:33:14 PM"}
{"level":"info","message":"userID: 581b8084ac37a10e805c75a8 bought items","timestamp":"11/6/2016, 7:34:27 PM"}
{"level":"info","message":"userID: 581b8084ac37a10e805c75a8 opened home page","timestamp":"11/6/2016, 7:34:27 PM"}
{"level":"info","message":"userID: 581b8084ac37a10e805c75a8 open ProductID: 581bc5cf24b4a136bc004db5","timestamp":"11/6/2016, 7:39:04 PM"}
{"level":"info","message":"userID: 581b8084ac37a10e805c75a8 opened profile of shaalinn","timestamp":"11/6/2016, 7:39:06 PM"}
